#
# A fatal error has been detected by the Java Runtime Environment:
#
#  EXCEPTION_ACCESS_VIOLATION (0xc0000005) at pc=0x00000000265326f7, pid=7560, tid=6268
#
# JRE version: 7.0_11-b21
# Java VM: Java HotSpot(TM) 64-Bit Server VM (23.6-b04 mixed mode windows-amd64 compressed oops)
# Problematic frame:
# v  ~StubRoutines::checkcast_arraycopy
#
# Failed to write core dump. Minidumps are not enabled by default on client versions of Windows
#
# If you would like to submit a bug report, please visit:
#   http://bugreport.sun.com/bugreport/crash.jsp
#

---------------  T H R E A D  ---------------

Current thread (0x0000000057e96800):  JavaThread "Explorer NavigationContext request queue" daemon [_thread_in_Java, id=6268, stack(0x00000001588a0000,0x000000015c8a0000)]

siginfo: ExceptionCode=0xc0000005, writing address 0x000000000f6d7000

Registers:
RAX=0x00000000f2dfffa0, RBX=0x0000000000000007, RCX=0x0000000000000040, RDX=0x0000000000000000
RSP=0x000000015c89e570, RBP=0x000000015c89e580, RSI=0x000000000f6d6fff, RDI=0x00000000f2dffef0
R8 =0x00000000e000b240, R9 =0x00000000f2dfffa0, R10=0x000000000ef40000, R11=0x00000000e000b240
R12=0x0000000000000000, R13=0x0000000000000001, R14=0x0000000000000004, R15=0x0000000057e96800
RIP=0x00000000265326f7, EFLAGS=0x0000000000010206

Top of Stack: (sp=0x000000015c89e570)
0x000000015c89e570:   0000000000000004 00000000f2dfffe0
0x000000015c89e580:   00000000f2dffed0 000000002678a9ab
0x000000015c89e590:   00000000f2dffe70 000000000e9b209e
0x000000015c89e5a0:   000000005d9cab38 0000000000000005
0x000000015c89e5b0:   00000000e000b240 0000000000000007
0x000000015c89e5c0:   f2dffed000000004 00000000f2dffd40
0x000000015c89e5d0:   00000000f2dffe88 00000000f2dffeb8
0x000000015c89e5e0:   0000000c0000000e 00000000f2dfffa0
0x000000015c89e5f0:   0000001a0000000c 00000000f2dffe10
0x000000015c89e600:   0000000000000005 0000000000000003
0x000000015c89e610:   000000000000001a 00000000f2dffd18
0x000000015c89e620:   0000000000000001 000000002654dbc9
0x000000015c89e630:   00000000e802c378 00000000267a7b0c
0x000000015c89e640:   0000000000000010 0000000000000001
0x000000015c89e650:   000000000000001a 000000002668cf8e
0x000000015c89e660:   00000000f2dffd40 00000000e9763a98 

Instructions: (pc=0x00000000265326f7)
0x00000000265326d7:   00 00 49 83 c5 fc 48 c1 ee 09 49 83 c5 04 49 c1
0x00000000265326e7:   ed 09 4c 2b ee 4c 8d 14 25 00 00 f4 0e 49 03 f2
0x00000000265326f7:   42 c6 04 2e 00 49 ff cd 7d f6 48 33 c0 4c 8b 2c
0x0000000026532707:   24 4c 8b 74 24 08 49 8b f9 49 8b f2 c9 c3 66 66 


Register to memory mapping:

RAX=0x00000000f2dfffa0 is an oop
java.lang.String 
 - klass: 'java/lang/String'
RBX=0x0000000000000007 is an unknown value
RCX=0x0000000000000040 is an unknown value
RDX=0x0000000000000000 is an unknown value
RSP=0x000000015c89e570 is pointing into the stack for thread: 0x0000000057e96800
RBP=0x000000015c89e580 is pointing into the stack for thread: 0x0000000057e96800
RSI=0x000000000f6d6fff is an unknown value
RDI=0x00000000f2dffef0 is an oop
[Ljava.lang.Object; 
 - klass: 'java/lang/Object'[]
 - length: 10
R8 =0x00000000e000b240 is an oop
{instance class} 
 - klass: {other class}
R9 =0x00000000f2dfffa0 is an oop
java.lang.String 
 - klass: 'java/lang/String'
R10=0x000000000ef40000 is an unknown value
R11=0x00000000e000b240 is an oop
{instance class} 
 - klass: {other class}
R12=0x0000000000000000 is an unknown value
R13=0x0000000000000001 is an unknown value
R14=0x0000000000000004 is an unknown value
R15=0x0000000057e96800 is a thread


Stack: [0x00000001588a0000,0x000000015c8a0000],  sp=0x000000015c89e570,  free space=65529k
Native frames: (J=compiled Java code, j=interpreted, Vv=VM code, C=native code)
v  ~StubRoutines::checkcast_arraycopy


---------------  P R O C E S S  ---------------

Java Threads: ( => current thread )
=>0x0000000057e96800 JavaThread "Explorer NavigationContext request queue" daemon [_thread_in_Java, id=6268, stack(0x00000001588a0000,0x000000015c8a0000)]
  0x00000000be5ca800 JavaThread "Tab Completion Callable" [_thread_blocked, id=4040, stack(0x000000014c040000,0x0000000150040000)]
  0x000000005eaef800 JavaThread "Code Analyzer updating thread" [_thread_blocked, id=11340, stack(0x0000000144040000,0x0000000148040000)]
  0x000000005eaef000 JavaThread "Prefs Updater" daemon [_thread_blocked, id=11708, stack(0x0000000140040000,0x0000000144040000)]
  0x00000000bcb58800 JavaThread "Timer-2" daemon [_thread_blocked, id=8732, stack(0x0000000100000000,0x0000000104000000)]
  0x00000000bcb57000 JavaThread "com.jniwrapper.NativeResourceCollector" daemon [_thread_blocked, id=1692, stack(0x00000000d0000000,0x00000000d4000000)]
  0x0000000057e95000 JavaThread "Foxtrot Single Worker Thread #1" daemon [_thread_blocked, id=10244, stack(0x0000000094000000,0x0000000098000000)]
  0x0000000055a90800 JavaThread "Code Analyzer updating thread" [_thread_blocked, id=10936, stack(0x0000000134000000,0x0000000138000000)]
  0x0000000055a92000 JavaThread "Code Analyzer updating thread" [_thread_blocked, id=6160, stack(0x0000000130000000,0x0000000134000000)]
  0x0000000055a93000 JavaThread "Code Analyzer updating thread" [_thread_blocked, id=2844, stack(0x000000012c000000,0x0000000130000000)]
  0x0000000055a91800 JavaThread "Code Analyzer updating thread" [_thread_blocked, id=8952, stack(0x0000000128000000,0x000000012c000000)]
  0x0000000055a8e800 JavaThread "Code Analyzer updating thread" [_thread_blocked, id=10436, stack(0x0000000124000000,0x0000000128000000)]
  0x0000000055a8d800 JavaThread "Code Analyzer updating thread" [_thread_blocked, id=6612, stack(0x0000000120000000,0x0000000124000000)]
  0x0000000055a8b800 JavaThread "Code Analyzer updating thread" [_thread_blocked, id=10200, stack(0x000000011c000000,0x0000000120000000)]
  0x0000000055a8c000 JavaThread "Code Analyzer updating thread" [_thread_blocked, id=3756, stack(0x0000000118000000,0x000000011c000000)]
  0x0000000055a8a800 JavaThread "Code Analyzer updating thread" [_thread_blocked, id=11956, stack(0x0000000114000000,0x0000000118000000)]
  0x0000000055a89000 JavaThread "Active Reference Queue Daemon" daemon [_thread_blocked, id=5524, stack(0x0000000110000000,0x0000000114000000)]
  0x0000000055a88800 JavaThread "Timer-1" daemon [_thread_blocked, id=1884, stack(0x000000010c000000,0x0000000110000000)]
  0x0000000057e98000 JavaThread "ClipboardMonitor Timer" daemon [_thread_blocked, id=11848, stack(0x0000000108000000,0x000000010c000000)]
  0x0000000057e93800 JavaThread "AddressBar directory emptiness poller" daemon [_thread_in_native, id=12164, stack(0x00000000dc000000,0x00000000e0000000)]
  0x0000000057e92800 JavaThread "Explorer Refresh Service 896105405" daemon [_thread_blocked, id=3024, stack(0x00000000d8000000,0x00000000dc000000)]
  0x0000000055a86000 JavaThread "Thread-4" daemon [_thread_blocked, id=1200, stack(0x00000000cc000000,0x00000000d0000000)]
  0x0000000057e94000 JavaThread "TimerQueue" daemon [_thread_blocked, id=12204, stack(0x00000000b4000000,0x00000000b8000000)]
  0x0000000055a84000 JavaThread "Thread-3" daemon [_thread_blocked, id=11920, stack(0x00000000b0000000,0x00000000b4000000)]
  0x0000000025f8c800 JavaThread "AWT-EventQueue-0" [_thread_in_native, id=9824, stack(0x00000000ac000000,0x00000000b0000000)]
  0x0000000025f8c000 JavaThread "AWT-Shutdown" [_thread_blocked, id=11368, stack(0x000000009c000000,0x00000000a0000000)]
  0x0000000055772000 JavaThread "FelixPackageAdmin" daemon [_thread_blocked, id=10508, stack(0x00000000a8000000,0x00000000ac000000)]
  0x000000005577b800 JavaThread "FelixStartLevel" daemon [_thread_blocked, id=10216, stack(0x00000000a4000000,0x00000000a8000000)]
  0x0000000055781800 JavaThread "FelixDispatchQueue" daemon [_thread_blocked, id=8076, stack(0x00000000a0000000,0x00000000a4000000)]
  0x0000000055613000 JavaThread "com.google.common.base.internal.Finalizer" daemon [_thread_blocked, id=12152, stack(0x0000000098000000,0x000000009c000000)]
  0x00000000555e2000 JavaThread "AWT-Windows" daemon [_thread_in_native, id=11500, stack(0x0000000090000000,0x0000000094000000)]
  0x0000000055537800 JavaThread "Java2D Disposer" daemon [_thread_blocked, id=7972, stack(0x0000000088000000,0x000000008c000000)]
  0x00000000551de000 JavaThread "Timer-0" [_thread_blocked, id=2656, stack(0x0000000084000000,0x0000000088000000)]
  0x0000000025fdf000 JavaThread "EventMgr Dispatcher" daemon [_thread_in_native, id=11136, stack(0x0000000080000000,0x0000000084000000)]
  0x0000000025ee9000 JavaThread "Service Thread" daemon [_thread_blocked, id=10640, stack(0x0000000063570000,0x0000000067570000)]
  0x0000000025ee5000 JavaThread "C2 CompilerThread1" daemon [_thread_blocked, id=8540, stack(0x000000004f7d0000,0x00000000537d0000)]
  0x0000000025edd000 JavaThread "C2 CompilerThread0" daemon [_thread_blocked, id=11700, stack(0x000000004b7d0000,0x000000004f7d0000)]
  0x0000000025eaa800 JavaThread "Attach Listener" daemon [_thread_blocked, id=10992, stack(0x00000000477d0000,0x000000004b7d0000)]
  0x0000000025e9a000 JavaThread "Finalizer" daemon [_thread_blocked, id=8064, stack(0x00000000437d0000,0x00000000477d0000)]
  0x0000000025e90000 JavaThread "Reference Handler" daemon [_thread_blocked, id=10092, stack(0x000000003f7d0000,0x00000000437d0000)]
  0x0000000025cb1800 JavaThread "main" [_thread_in_native, id=8992, stack(0x0000000000030000,0x0000000004030000)]

Other Threads:
  0x0000000025e8c800 VMThread [stack: 0x000000003b7d0000,0x000000003f7d0000] [id=10364]
  0x0000000025fbb000 WatcherThread [stack: 0x0000000079810000,0x000000007d810000] [id=3824]

VM state:not at safepoint (normal execution)

VM Mutex/Monitor currently owned by a thread: None

Heap
 PSYoungGen      total 19968K, used 18533K [0x00000000fa000000, 0x00000000fb8d0000, 0x0000000100000000)
  eden space 17856K, 100% used [0x00000000fa000000,0x00000000fb170000,0x00000000fb170000)
  from space 2112K, 32% used [0x00000000fb170000,0x00000000fb219448,0x00000000fb380000)
  to   space 1984K, 0% used [0x00000000fb6e0000,0x00000000fb6e0000,0x00000000fb8d0000)
 ParOldGen       total 178368K, used 178233K [0x00000000e8000000, 0x00000000f2e30000, 0x00000000fa000000)
  object space 178368K, 99% used [0x00000000e8000000,0x00000000f2e0e400,0x00000000f2e30000)
 PSPermGen       total 102208K, used 66858K [0x00000000e0000000, 0x00000000e63d0000, 0x00000000e8000000)
  object space 102208K, 65% used [0x00000000e0000000,0x00000000e414abb0,0x00000000e63d0000)

Card table byte_map: [0x000000000f640000,0x000000000f750000] byte_map_base: 0x000000000ef40000

Polling page: 0x0000000006de0000

Code Cache  [0x00000000264f0000, 0x0000000026de0000, 0x00000000294f0000)
 total_blobs=3553 nmethods=2867 adapters=633 free_code_cache=40141Kb largest_free_block=40962240

Compilation events (10 events):
Event: 60111.261 Thread 0x0000000025ee5000 3110             com.mathworks.mlwidgets.explorer.widgets.address.AddressBar$EmptyPoller::access$900 (5 bytes)
Event: 60111.262 Thread 0x0000000025ee5000 nmethod 3110 0x0000000026dd7310 code [0x0000000026dd7440, 0x0000000026dd7498]
Event: 60111.270 Thread 0x0000000025edd000 3111             com.mathworks.services.settings.SettingPath::getTreePtr (8 bytes)
Event: 60111.270 Thread 0x0000000025ee5000 3112             com.mathworks.services.settings.SettingPath::elements (5 bytes)
Event: 60111.270 Thread 0x0000000025ee5000 nmethod 3112 0x0000000026dd7110 code [0x0000000026dd7240, 0x0000000026dd7298]
Event: 60111.277 Thread 0x0000000025edd000 nmethod 3111 0x0000000026dd6f10 code [0x0000000026dd7040, 0x0000000026dd7098]
Event: 60111.318 Thread 0x0000000025ee5000 3113             com.mathworks.mlwidgets.explorer.widgets.address.AddressBar::access$000 (5 bytes)
Event: 60111.318 Thread 0x0000000025ee5000 nmethod 3113 0x0000000026dd6cd0 code [0x0000000026dd6e00, 0x0000000026dd6e58]
Event: 60112.626 Thread 0x0000000025ee5000 3114             com.mathworks.mlwidgets.explorer.model.realfs.RealFileList::readFilesAndFolders (32 bytes)
Event: 60112.628 Thread 0x0000000025ee5000 nmethod 3114 0x0000000026d731d0 code [0x0000000026d73340, 0x0000000026d734c8]

GC Heap History (10 events):
Event: 8780.910 GC heap before
{Heap before GC invocations=756 (full 9):
 PSYoungGen      total 15936K, used 15680K [0x00000000fa000000, 0x00000000fb000000, 0x0000000100000000)
  eden space 15488K, 100% used [0x00000000fa000000,0x00000000faf20000,0x00000000faf20000)
  from space 448K, 42% used [0x00000000faf90000,0x00000000fafc0000,0x00000000fb000000)
  to   space 448K, 0% used [0x00000000faf20000,0x00000000faf20000,0x00000000faf90000)
 ParOldGen       total 90048K, used 71089K [0x00000000e8000000, 0x00000000ed7f0000, 0x00000000fa000000)
  object space 90048K, 78% used [0x00000000e8000000,0x00000000ec56c470,0x00000000ed7f0000)
 PSPermGen       total 102208K, used 66844K [0x00000000e0000000, 0x00000000e63d0000, 0x00000000e8000000)
  object space 102208K, 65% used [0x00000000e0000000,0x00000000e41471e0,0x00000000e63d0000)
Event: 8780.917 GC heap after
Heap after GC invocations=756 (full 9):
 PSYoungGen      total 15616K, used 440K [0x00000000fa000000, 0x00000000fb3b0000, 0x0000000100000000)
  eden space 15168K, 0% used [0x00000000fa000000,0x00000000fa000000,0x00000000faed0000)
  from space 448K, 98% used [0x00000000faf20000,0x00000000faf8e1e0,0x00000000faf90000)
  to   space 2496K, 0% used [0x00000000fb140000,0x00000000fb140000,0x00000000fb3b0000)
 ParOldGen       total 90048K, used 76419K [0x00000000e8000000, 0x00000000ed7f0000, 0x00000000fa000000)
  object space 90048K, 84% used [0x00000000e8000000,0x00000000ecaa0e40,0x00000000ed7f0000)
 PSPermGen       total 102208K, used 66844K [0x00000000e0000000, 0x00000000e63d0000, 0x00000000e8000000)
  object space 102208K, 65% used [0x00000000e0000000,0x00000000e41471e0,0x00000000e63d0000)
}
Event: 60106.358 GC heap before
{Heap before GC invocations=757 (full 9):
 PSYoungGen      total 15616K, used 15608K [0x00000000fa000000, 0x00000000fb3b0000, 0x0000000100000000)
  eden space 15168K, 100% used [0x00000000fa000000,0x00000000faed0000,0x00000000faed0000)
  from space 448K, 98% used [0x00000000faf20000,0x00000000faf8e1e0,0x00000000faf90000)
  to   space 2496K, 0% used [0x00000000fb140000,0x00000000fb140000,0x00000000fb3b0000)
 ParOldGen       total 90048K, used 76419K [0x00000000e8000000, 0x00000000ed7f0000, 0x00000000fa000000)
  object space 90048K, 84% used [0x00000000e8000000,0x00000000ecaa0e40,0x00000000ed7f0000)
 PSPermGen       total 102208K, used 66848K [0x00000000e0000000, 0x00000000e63d0000, 0x00000000e8000000)
  object space 102208K, 65% used [0x00000000e0000000,0x00000000e4148210,0x00000000e63d0000)
Event: 60110.220 GC heap after
Heap after GC invocations=757 (full 9):
 PSYoungGen      total 16640K, used 750K [0x00000000fa000000, 0x00000000fb300000, 0x0000000100000000)
  eden space 14848K, 0% used [0x00000000fa000000,0x00000000fa000000,0x00000000fae80000)
  from space 1792K, 41% used [0x00000000fb140000,0x00000000fb1fb9b0,0x00000000fb300000)
  to   space 2304K, 0% used [0x00000000fae80000,0x00000000fae80000,0x00000000fb0c0000)
 ParOldGen       total 90048K, used 76419K [0x00000000e8000000, 0x00000000ed7f0000, 0x00000000fa000000)
  object space 90048K, 84% used [0x00000000e8000000,0x00000000ecaa0e40,0x00000000ed7f0000)
 PSPermGen       total 102208K, used 66848K [0x00000000e0000000, 0x00000000e63d0000, 0x00000000e8000000)
  object space 102208K, 65% used [0x00000000e0000000,0x00000000e4148210,0x00000000e63d0000)
}
Event: 60110.357 GC heap before
{Heap before GC invocations=758 (full 9):
 PSYoungGen      total 16640K, used 15598K [0x00000000fa000000, 0x00000000fb300000, 0x0000000100000000)
  eden space 14848K, 100% used [0x00000000fa000000,0x00000000fae80000,0x00000000fae80000)
  from space 1792K, 41% used [0x00000000fb140000,0x00000000fb1fb9b0,0x00000000fb300000)
  to   space 2304K, 0% used [0x00000000fae80000,0x00000000fae80000,0x00000000fb0c0000)
 ParOldGen       total 90048K, used 76419K [0x00000000e8000000, 0x00000000ed7f0000, 0x00000000fa000000)
  object space 90048K, 84% used [0x00000000e8000000,0x00000000ecaa0e40,0x00000000ed7f0000)
 PSPermGen       total 102208K, used 66850K [0x00000000e0000000, 0x00000000e63d0000, 0x00000000e8000000)
  object space 102208K, 65% used [0x00000000e0000000,0x00000000e41488e0,0x00000000e63d0000)
Event: 60110.495 GC heap after
Heap after GC invocations=758 (full 9):
 PSYoungGen      total 17152K, used 421K [0x00000000fa000000, 0x00000000fb5d0000, 0x0000000100000000)
  eden space 14848K, 0% used [0x00000000fa000000,0x00000000fa000000,0x00000000fae80000)
  from space 2304K, 18% used [0x00000000fae80000,0x00000000faee9448,0x00000000fb0c0000)
  to   space 2240K, 0% used [0x00000000fb3a0000,0x00000000fb3a0000,0x00000000fb5d0000)
 ParOldGen       total 90048K, used 76419K [0x00000000e8000000, 0x00000000ed7f0000, 0x00000000fa000000)
  object space 90048K, 84% used [0x00000000e8000000,0x00000000ecaa0e40,0x00000000ed7f0000)
 PSPermGen       total 102208K, used 66850K [0x00000000e0000000, 0x00000000e63d0000, 0x00000000e8000000)
  object space 102208K, 65% used [0x00000000e0000000,0x00000000e41488e0,0x00000000e63d0000)
}
Event: 60110.525 GC heap before
{Heap before GC invocations=759 (full 9):
 PSYoungGen      total 17152K, used 15269K [0x00000000fa000000, 0x00000000fb5d0000, 0x0000000100000000)
  eden space 14848K, 100% used [0x00000000fa000000,0x00000000fae80000,0x00000000fae80000)
  from space 2304K, 18% used [0x00000000fae80000,0x00000000faee9448,0x00000000fb0c0000)
  to   space 2240K, 0% used [0x00000000fb3a0000,0x00000000fb3a0000,0x00000000fb5d0000)
 ParOldGen       total 90048K, used 76419K [0x00000000e8000000, 0x00000000ed7f0000, 0x00000000fa000000)
  object space 90048K, 84% used [0x00000000e8000000,0x00000000ecaa0e40,0x00000000ed7f0000)
 PSPermGen       total 102208K, used 66850K [0x00000000e0000000, 0x00000000e63d0000, 0x00000000e8000000)
  object space 102208K, 65% used [0x00000000e0000000,0x00000000e41488e0,0x00000000e63d0000)
Event: 60110.764 GC heap after
Heap after GC invocations=759 (full 9):
 PSYoungGen      total 19840K, used 453K [0x00000000fa000000, 0x00000000fb590000, 0x0000000100000000)
  eden space 17856K, 0% used [0x00000000fa000000,0x00000000fa000000,0x00000000fb170000)
  from space 1984K, 22% used [0x00000000fb3a0000,0x00000000fb411448,0x00000000fb590000)
  to   space 2112K, 0% used [0x00000000fb170000,0x00000000fb170000,0x00000000fb380000)
 ParOldGen       total 90048K, used 76427K [0x00000000e8000000, 0x00000000ed7f0000, 0x00000000fa000000)
  object space 90048K, 84% used [0x00000000e8000000,0x00000000ecaa2e40,0x00000000ed7f0000)
 PSPermGen       total 102208K, used 66850K [0x00000000e0000000, 0x00000000e63d0000, 0x00000000e8000000)
  object space 102208K, 65% used [0x00000000e0000000,0x00000000e41488e0,0x00000000e63d0000)
}
Event: 60110.870 GC heap before
{Heap before GC invocations=760 (full 9):
 PSYoungGen      total 19840K, used 18309K [0x00000000fa000000, 0x00000000fb590000, 0x0000000100000000)
  eden space 17856K, 100% used [0x00000000fa000000,0x00000000fb170000,0x00000000fb170000)
  from space 1984K, 22% used [0x00000000fb3a0000,0x00000000fb411448,0x00000000fb590000)
  to   space 2112K, 0% used [0x00000000fb170000,0x00000000fb170000,0x00000000fb380000)
 ParOldGen       total 90048K, used 76427K [0x00000000e8000000, 0x00000000ed7f0000, 0x00000000fa000000)
  object space 90048K, 84% used [0x00000000e8000000,0x00000000ecaa2e40,0x00000000ed7f0000)
 PSPermGen       total 102208K, used 66857K [0x00000000e0000000, 0x00000000e63d0000, 0x00000000e8000000)
  object space 102208K, 65% used [0x00000000e0000000,0x00000000e414a678,0x00000000e63d0000)
Event: 60110.922 GC heap after
Heap after GC invocations=760 (full 9):
 PSYoungGen      total 19968K, used 677K [0x00000000fa000000, 0x00000000fb8d0000, 0x0000000100000000)
  eden space 17856K, 0% used [0x00000000fa000000,0x00000000fa000000,0x00000000fb170000)
  from space 2112K, 32% used [0x00000000fb170000,0x00000000fb219448,0x00000000fb380000)
  to   space 1984K, 0% used [0x00000000fb6e0000,0x00000000fb6e0000,0x00000000fb8d0000)
 ParOldGen       total 90048K, used 76427K [0x00000000e8000000, 0x00000000ed7f0000, 0x00000000fa000000)
  object space 90048K, 84% used [0x00000000e8000000,0x00000000ecaa2e40,0x00000000ed7f0000)
 PSPermGen       total 102208K, used 66857K [0x00000000e0000000, 0x00000000e63d0000, 0x00000000e8000000)
  object space 102208K, 65% used [0x00000000e0000000,0x00000000e414a678,0x00000000e63d0000)
}

Deoptimization events (10 events):
Event: 8773.706 Thread 0x0000000025f8c800 Uncommon trap -122 fr.pc 0x00000000269dd118
Event: 8773.706 Thread 0x0000000025f8c800 Uncommon trap -34 fr.pc 0x0000000026d90af0
Event: 8773.707 Thread 0x0000000025f8c800 Uncommon trap -83 fr.pc 0x00000000266bdd1c
Event: 8773.711 Thread 0x0000000025f8c800 Uncommon trap -12 fr.pc 0x0000000026c52acc
Event: 8773.747 Thread 0x0000000025f8c800 Uncommon trap -58 fr.pc 0x000000002661a900
Event: 8773.748 Thread 0x0000000025f8c800 Uncommon trap -58 fr.pc 0x000000002661a900
Event: 8773.748 Thread 0x0000000025f8c800 Uncommon trap -58 fr.pc 0x000000002661a900
Event: 8773.748 Thread 0x0000000025f8c800 Uncommon trap -58 fr.pc 0x000000002661a900
Event: 8774.271 Thread 0x0000000025f8c800 Uncommon trap -34 fr.pc 0x0000000026d90af0
Event: 8774.271 Thread 0x0000000025f8c800 Uncommon trap -34 fr.pc 0x0000000026d90af0

Internal exceptions (10 events):
Event: 7386.389 Thread 0x0000000025cb1800 Threw 0x00000000fab26448 at C:\jdk7u1_64p\jdk7u11\hotspot\src\share\vm\prims\jvm.cpp:1166
Event: 7386.389 Thread 0x0000000025cb1800 Threw 0x00000000fab26800 at C:\jdk7u1_64p\jdk7u11\hotspot\src\share\vm\classfile\systemDictionary.cpp:179
Event: 7386.389 Thread 0x0000000025cb1800 Threw 0x00000000fab26c70 at C:\jdk7u1_64p\jdk7u11\hotspot\src\share\vm\prims\jvm.cpp:1166
Event: 7386.389 Thread 0x0000000025cb1800 Threw 0x00000000fab47f80 at C:\jdk7u1_64p\jdk7u11\hotspot\src\share\vm\prims\jvm.cpp:1166
Event: 7386.389 Thread 0x0000000025cb1800 Threw 0x00000000fab48268 at C:\jdk7u1_64p\jdk7u11\hotspot\src\share\vm\classfile\systemDictionary.cpp:179
Event: 7386.389 Thread 0x0000000025cb1800 Threw 0x00000000fab487a8 at C:\jdk7u1_64p\jdk7u11\hotspot\src\share\vm\prims\jvm.cpp:1166
Event: 7386.389 Thread 0x0000000025cb1800 Threw 0x00000000fab64c90 at C:\jdk7u1_64p\jdk7u11\hotspot\src\share\vm\prims\jvm.cpp:1166
Event: 7386.389 Thread 0x0000000025cb1800 Threw 0x00000000fab64f28 at C:\jdk7u1_64p\jdk7u11\hotspot\src\share\vm\prims\jvm.cpp:1170
Event: 8767.641 Thread 0x0000000025f8c800 Implicit null exception at 0x0000000026c9424c to 0x0000000026c94b95
Event: 8773.711 Thread 0x0000000025f8c800 Implicit null exception at 0x0000000026c529af to 0x0000000026c52abd

Events (10 events):
Event: 60110.495 Executing VM operation: ParallelGCFailedAllocation done
Event: 60110.525 Executing VM operation: ParallelGCFailedAllocation
Event: 60110.764 Executing VM operation: ParallelGCFailedAllocation done
Event: 60110.832 Executing VM operation: RevokeBias
Event: 60110.833 Executing VM operation: RevokeBias done
Event: 60110.852 Thread 0x00000000be5c9000 Thread exited: 0x00000000be5c9000
Event: 60110.870 Executing VM operation: ParallelGCFailedAllocation
Event: 60110.922 Executing VM operation: ParallelGCFailedAllocation done
Event: 60110.962 Executing VM operation: ParallelGCFailedAllocation
Event: 60110.962 Executing VM operation: ParallelGCFailedAllocation done


Dynamic libraries:
0x0000000140000000 - 0x0000000140029000 	C:\Program Files\MATLAB\R2013b\bin\win64\MATLAB.exe
0x0000000077740000 - 0x00000000778ea000 	C:\Windows\SYSTEM32\ntdll.dll
0x0000000077520000 - 0x000000007763f000 	C:\Windows\system32\kernel32.dll
0x000007fefd5c0000 - 0x000007fefd62a000 	C:\Windows\system32\KERNELBASE.dll
0x0000000075280000 - 0x0000000075307000 	C:\Windows\System32\SYSFER.DLL
0x000000006f060000 - 0x000000006f3dc000 	C:\Program Files\MATLAB\R2013b\bin\win64\libmwservices.dll
0x000000006fe80000 - 0x000000006ff56000 	C:\Program Files\MATLAB\R2013b\bin\win64\libmwi18n.dll
0x000000006fe70000 - 0x000000006fe7d000 	C:\Program Files\MATLAB\R2013b\bin\win64\libmwresource_core.dll
0x0000000054490000 - 0x0000000054528000 	C:\Program Files\MATLAB\R2013b\bin\win64\MSVCP100.dll
0x0000000053e60000 - 0x0000000053f32000 	C:\Program Files\MATLAB\R2013b\bin\win64\MSVCR100.dll
0x00000000742b0000 - 0x00000000742be000 	C:\Program Files\MATLAB\R2013b\bin\win64\boost_date_time-vc100-mt-1_49.dll
0x000000006e4a0000 - 0x000000006e4cc000 	C:\Program Files\MATLAB\R2013b\bin\win64\boost_filesystem-vc100-mt-1_49.dll
0x00000000742c0000 - 0x00000000742c9000 	C:\Program Files\MATLAB\R2013b\bin\win64\boost_system-vc100-mt-1_49.dll
0x000007feff3c0000 - 0x000007feff49b000 	C:\Windows\system32\ADVAPI32.dll
0x000007feff5b0000 - 0x000007feff64f000 	C:\Windows\system32\msvcrt.dll
0x000007feff9b0000 - 0x000007feff9cf000 	C:\Windows\SYSTEM32\sechost.dll
0x000007feff880000 - 0x000007feff9ad000 	C:\Windows\system32\RPCRT4.dll
0x000000006ead0000 - 0x000000006eaf5000 	C:\Program Files\MATLAB\R2013b\bin\win64\LIBEXPAT.dll
0x000000006f510000 - 0x000000006f69a000 	C:\Program Files\MATLAB\R2013b\bin\win64\icuin49.dll
0x000000006f6c0000 - 0x000000006f7fe000 	C:\Program Files\MATLAB\R2013b\bin\win64\icuuc49.dll
0x000000000fc30000 - 0x0000000010d52000 	C:\Program Files\MATLAB\R2013b\bin\win64\icudt49.dll
0x000000006f800000 - 0x000000006f810000 	C:\Program Files\MATLAB\R2013b\bin\win64\icuio49.dll
0x0000000004220000 - 0x00000000042db000 	C:\Program Files\MATLAB\R2013b\bin\win64\libut.dll
0x000000006f960000 - 0x000000006fb07000 	C:\Program Files\MATLAB\R2013b\bin\win64\libmwfl.dll
0x00000000042e0000 - 0x00000000046ef000 	C:\Program Files\MATLAB\R2013b\bin\win64\libmwMATLAB_res.dll
0x0000000053f40000 - 0x000000005401f000 	C:\Program Files\MATLAB\R2013b\bin\win64\boost_regex-vc100-mt-1_49.dll
0x0000000077640000 - 0x000000007773a000 	C:\Windows\system32\USER32.dll
0x000007feff540000 - 0x000007feff5a7000 	C:\Windows\system32\GDI32.dll
0x000007fefdb50000 - 0x000007fefdb5e000 	C:\Windows\system32\LPK.dll
0x000007feff2f0000 - 0x000007feff3ba000 	C:\Windows\system32\USP10.dll
0x0000000057ad0000 - 0x0000000057ae1000 	C:\Program Files\MATLAB\R2013b\bin\win64\boost_signals-vc100-mt-1_49.dll
0x000000005b620000 - 0x000000005b631000 	C:\Program Files\MATLAB\R2013b\bin\win64\boost_thread-vc100-mt-1_49.dll
0x0000000054540000 - 0x00000000545cc000 	C:\Program Files\MATLAB\R2013b\bin\win64\boost_log-vc100-mt-1_49.dll
0x0000000077910000 - 0x0000000077917000 	C:\Windows\system32\PSAPI.DLL
0x000007fefef70000 - 0x000007fefefbd000 	C:\Windows\system32\WS2_32.dll
0x000007fefdce0000 - 0x000007fefdce8000 	C:\Windows\system32\NSI.dll
0x000007fef8110000 - 0x000007fef8143000 	C:\Program Files\MATLAB\R2013b\bin\win64\tbb.dll
0x000007feff2d0000 - 0x000007feff2e9000 	C:\Windows\system32\imagehlp.dll
0x000007fefc130000 - 0x000007fefc15c000 	C:\Windows\system32\POWRPROF.dll
0x000007fefeb90000 - 0x000007fefed67000 	C:\Windows\system32\SETUPAPI.dll
0x000007fefd6e0000 - 0x000007fefd716000 	C:\Windows\system32\CFGMGR32.dll
0x000007fefdc00000 - 0x000007fefdcd8000 	C:\Windows\system32\OLEAUT32.dll
0x000007fefd940000 - 0x000007fefdb43000 	C:\Windows\system32\ole32.dll
0x000007fefd670000 - 0x000007fefd68a000 	C:\Windows\system32\DEVOBJ.dll
0x00000000046f0000 - 0x00000000047eb000 	C:\Program Files\MATLAB\R2013b\bin\win64\libmx.dll
0x000007fef7fd0000 - 0x000007fef7ff8000 	C:\Program Files\MATLAB\R2013b\bin\win64\tbbmalloc.dll
0x0000000057600000 - 0x0000000057617000 	C:\Program Files\MATLAB\R2013b\bin\win64\zlib1.dll
0x000000006ef00000 - 0x000000006ef4e000 	C:\Program Files\MATLAB\R2013b\bin\win64\libmwregexp.dll
0x000000006eeb0000 - 0x000000006eef7000 	C:\Program Files\MATLAB\R2013b\bin\win64\mpath.dll
0x00000000047f0000 - 0x0000000004e18000 	C:\Program Files\MATLAB\R2013b\bin\win64\mlutil.dll
0x000000006e870000 - 0x000000006e8e7000 	C:\Program Files\MATLAB\R2013b\bin\win64\xmlcore.dll
0x000000006e230000 - 0x000000006e471000 	C:\Program Files\MATLAB\R2013b\bin\win64\xerces-c_2_7.dll
0x000000006e5f0000 - 0x000000006e613000 	C:\Program Files\MATLAB\R2013b\bin\win64\libmwMATLAB_settings_res.dll
0x0000000004e30000 - 0x0000000004e40000 	C:\Program Files\MATLAB\R2013b\bin\win64\boost_iostreams-vc100-mt-1_49.dll
0x0000000055000000 - 0x0000000055046000 	C:\Program Files\MATLAB\R2013b\bin\win64\boost_serialization-vc100-mt-1_49.dll
0x000007fefde00000 - 0x000007fefeb8c000 	C:\Windows\system32\SHELL32.dll
0x000007feff9d0000 - 0x000007feffa41000 	C:\Windows\system32\SHLWAPI.dll
0x000000006e580000 - 0x000000006e586000 	C:\Program Files\MATLAB\R2013b\bin\win64\libmwnativedisplay.dll
0x00000000685f0000 - 0x000000006863d000 	C:\Program Files\MATLAB\R2013b\bin\win64\opccore.dll
0x00000000684f0000 - 0x00000000685c6000 	C:\Program Files\MATLAB\R2013b\bin\win64\opcmodel.dll
0x00000000684c0000 - 0x00000000684ed000 	C:\Program Files\MATLAB\R2013b\bin\win64\opczippackage.dll
0x000000006e1d0000 - 0x000000006e1de000 	C:\Program Files\MATLAB\R2013b\bin\win64\libminizip.dll
0x0000000068340000 - 0x00000000683a6000 	C:\Program Files\MATLAB\R2013b\bin\win64\opcmwservices.dll
0x000007fefa800000 - 0x000007fefa8a0000 	C:\Windows\WinSxS\amd64_microsoft.windows.common-controls_6595b64144ccf1df_5.82.7601.18837_none_a4d981ff711297b6\COMCTL32.dll
0x000007fefdb60000 - 0x000007fefdbf7000 	C:\Windows\system32\COMDLG32.dll
0x000007fefb450000 - 0x000007fefb466000 	C:\Windows\system32\NETAPI32.dll
0x000007fefb440000 - 0x000007fefb44c000 	C:\Windows\system32\netutils.dll
0x000007fefd130000 - 0x000007fefd153000 	C:\Windows\system32\srvcli.dll
0x000007fefb420000 - 0x000007fefb435000 	C:\Windows\system32\wkscli.dll
0x000000006e4d0000 - 0x000000006e57d000 	C:\Program Files\MATLAB\R2013b\bin\win64\mcr.dll
0x0000000004e40000 - 0x0000000005200000 	C:\Program Files\MATLAB\R2013b\bin\win64\iqm.dll
0x0000000180000000 - 0x00000001800c2000 	C:\Program Files\MATLAB\R2013b\bin\win64\m_dispatcher.dll
0x0000000005200000 - 0x00000000059fb000 	C:\Program Files\MATLAB\R2013b\bin\win64\m_interpreter.dll
0x000000006d760000 - 0x000000006d784000 	C:\Program Files\MATLAB\R2013b\bin\win64\libmex.dll
0x000000006d6e0000 - 0x000000006d75b000 	C:\Program Files\MATLAB\R2013b\bin\win64\profiler.dll
0x000000006d450000 - 0x000000006d5c8000 	C:\Program Files\MATLAB\R2013b\bin\win64\libmwmathutil.dll
0x000000006d420000 - 0x000000006d447000 	C:\Program Files\MATLAB\R2013b\bin\win64\libmwmathrng.dll
0x000000006d410000 - 0x000000006d420000 	C:\Program Files\MATLAB\R2013b\bin\win64\libmwmfl_rng.dll
0x0000000005a00000 - 0x0000000005b18000 	C:\Program Files\MATLAB\R2013b\bin\win64\libmwmathcore.dll
0x000000006d2b0000 - 0x000000006d313000 	C:\Program Files\MATLAB\R2013b\bin\win64\libmwspmatrix.dll
0x0000000005b20000 - 0x0000000005d82000 	C:\Program Files\MATLAB\R2013b\bin\win64\mcos.dll
0x000000006cfc0000 - 0x000000006d01c000 	C:\Program Files\MATLAB\R2013b\bin\win64\libmwcholmod.dll
0x000000006cfb0000 - 0x000000006cfbc000 	C:\Program Files\MATLAB\R2013b\bin\win64\libmwamd.dll
0x000000006cfa0000 - 0x000000006cfab000 	C:\Program Files\MATLAB\R2013b\bin\win64\libmwcolamd.dll
0x000000006cf80000 - 0x000000006cf93000 	C:\Program Files\MATLAB\R2013b\bin\win64\libmwblas.dll
0x000000006cf60000 - 0x000000006cf75000 	C:\Program Files\MATLAB\R2013b\bin\win64\libmwbinder.dll
0x000000006cf50000 - 0x000000006cf5b000 	C:\Program Files\MATLAB\R2013b\bin\win64\libmwompwrapper.dll
0x000000006ced0000 - 0x000000006cf4f000 	C:\Program Files\MATLAB\R2013b\bin\win64\libmwlapack.dll
0x000000006ceb0000 - 0x000000006ced0000 	C:\Program Files\MATLAB\R2013b\bin\win64\m_pcodeio.dll
0x000000006ce50000 - 0x000000006ceac000 	C:\Program Files\MATLAB\R2013b\bin\win64\m_ir.dll
0x0000000005d90000 - 0x0000000006445000 	C:\Program Files\MATLAB\R2013b\bin\win64\m_parser.dll
0x000000006c780000 - 0x000000006c797000 	C:\Program Files\MATLAB\R2013b\bin\win64\ir_xfmr.dll
0x000000006c770000 - 0x000000006c780000 	C:\Program Files\MATLAB\R2013b\bin\win64\mtok.dll
0x000000006c740000 - 0x000000006c768000 	C:\Program Files\MATLAB\R2013b\bin\win64\m_pcodegen.dll
0x000007fee52a0000 - 0x000007fee53c5000 	C:\Windows\system32\dbghelp.dll
0x000000006c710000 - 0x000000006c73f000 	C:\Program Files\MATLAB\R2013b\bin\win64\libmwbridge.dll
0x000000006c650000 - 0x000000006c706000 	C:\Program Files\MATLAB\R2013b\bin\win64\udd.dll
0x0000000006450000 - 0x00000000065a1000 	C:\Program Files\MATLAB\R2013b\bin\win64\libmwgui.dll
0x000000006c4d0000 - 0x000000006c4f8000 	C:\Program Files\MATLAB\R2013b\bin\win64\graphics_util.dll
0x0000000053da0000 - 0x0000000053e58000 	C:\Program Files\MATLAB\R2013b\bin\win64\libtex_base.dll
0x000000006bac0000 - 0x000000006c426000 	C:\Program Files\MATLAB\R2013b\bin\win64\hg.dll
0x000000006ba60000 - 0x000000006babd000 	C:\Program Files\MATLAB\R2013b\bin\win64\libmat.dll
0x000000006b850000 - 0x000000006ba58000 	C:\Program Files\MATLAB\R2013b\bin\win64\hdf5dll.dll
0x000000006b780000 - 0x000000006b848000 	C:\Program Files\MATLAB\R2013b\bin\win64\jmi.dll
0x000000006b770000 - 0x000000006b77e000 	C:\Program Files\MATLAB\R2013b\bin\win64\nativejava_services.dll
0x00000000065c0000 - 0x0000000006602000 	C:\Program Files\MATLAB\R2013b\bin\win64\libmwhardcopy.dll
0x000000006b6d0000 - 0x000000006b72e000 	C:\Program Files\MATLAB\R2013b\bin\win64\libuij.dll
0x000000006b490000 - 0x000000006b695000 	C:\Program Files\MATLAB\R2013b\bin\win64\hgdatatypes.dll
0x0000000006610000 - 0x0000000006722000 	C:\Program Files\MATLAB\R2013b\bin\win64\hgutils.dll
0x000000006b2f0000 - 0x000000006b39e000 	C:\Program Files\MATLAB\R2013b\bin\win64\udd_mi.dll
0x000000006b2b0000 - 0x000000006b2e6000 	C:\Program Files\MATLAB\R2013b\bin\win64\libmwgbtutils.dll
0x000000006b290000 - 0x000000006b2a3000 	C:\Program Files\MATLAB\R2013b\bin\win64\libmwgbt.dll
0x000000006afc0000 - 0x000000006b28f000 	C:\Program Files\MATLAB\R2013b\bin\win64\uiw.dll
0x000000006afb0000 - 0x000000006afb9000 	C:\Program Files\MATLAB\R2013b\bin\win64\uinone.dll
0x000000006af80000 - 0x000000006afac000 	C:\Program Files\MATLAB\R2013b\bin\win64\libmwnativedialogs.dll
0x000000006af70000 - 0x000000006af7c000 	C:\Program Files\MATLAB\R2013b\bin\win64\libmwplatform_res.dll
0x000007fef9110000 - 0x000007fef9128000 	C:\Windows\system32\MPR.dll
0x00000000792b0000 - 0x000000007980d000 	C:\Program Files\MATLAB\R2013b\bin\win64\mfc100.dll
0x000007fefac60000 - 0x000007fefac67000 	C:\Windows\system32\MSIMG32.dll
0x000007fefaba0000 - 0x000007fefac11000 	C:\Windows\system32\WINSPOOL.DRV
0x000000006af50000 - 0x000000006af6d000 	C:\Program Files\MATLAB\R2013b\bin\win64\mwoles05.DLL
0x000000006aee0000 - 0x000000006af4c000 	C:\Program Files\MATLAB\R2013b\bin\win64\comcli.dll
0x0000000055110000 - 0x000000005513b000 	C:\Program Files\MATLAB\R2013b\bin\win64\ATL100.DLL
0x000000006aed0000 - 0x000000006aedc000 	C:\Program Files\MATLAB\R2013b\bin\win64\mlautoregister.dll
0x0000000006740000 - 0x00000000068af000 	C:\Program Files\MATLAB\R2013b\bin\win64\mvm.dll
0x000007fefedd0000 - 0x000007fefedfe000 	C:\Windows\system32\IMM32.DLL
0x000007fefdcf0000 - 0x000007fefddf9000 	C:\Windows\system32\MSCTF.dll
0x000007fefbf30000 - 0x000007fefbf86000 	C:\Windows\system32\UxTheme.dll

VM Arguments:
jvm_args: -XX:PermSize=32m -Xms64m -XX:NewRatio=3 -XX:MaxPermSize=128m -Xmx384m -XX:MaxDirectMemorySize=2147400000 -Dsun.java2d.noddraw=true -Dsun.awt.nopixfmt=true -Xshare:off -Xrs -XX:-UseSplitVerifier -Djava.library.path=C:\Program Files\MATLAB\R2013b\bin\win64;C:\Program Files\MATLAB\R2013b\sys\jxbrowser\win64\lib vfprintf abort -Duser.language=he -Duser.country=IL 
java_command: <unknown>
Launcher Type: generic

Environment Variables:
PATH=C:\Program Files (x86)\Intel\iCLS Client\;C:\Program Files\Intel\iCLS Client\;C:\Windows\system32;C:\Windows;C:\Windows\System32\Wbem;C:\Windows\System32\WindowsPowerShell\v1.0\;C:\Program Files\Intel\WiFi\bin\;C:\Program Files\Common Files\Intel\WirelessCommon\;C:\Program Files\Intel\Intel(R) Management Engine Components\DAL;C:\Program Files\Intel\Intel(R) Management Engine Components\IPT;C:\Program Files (x86)\Intel\Intel(R) Management Engine Components\DAL;C:\Program Files (x86)\Intel\Intel(R) Management Engine Components\IPT;C:\Program Files (x86)\Intel\OpenCL SDK\3.0\bin\x86;C:\Program Files (x86)\Intel\OpenCL SDK\3.0\bin\x64;c:\Program Files (x86)\ATI Technologies\ATI.ACE\Core-Static;C:\Program Files (x86)\IVI Foundation\VISA\WinNT\Bin\;C:\Program Files\IVI Foundation\VISA\Win64\Bin\;C:\Program Files (x86)\IVI Foundation\VISA\WinNT\Bin;C:\Program Files (x86)\PsychoPy2;C:\Program Files (x86)\PsychoPy2\DLLs;C:\Program Files\MATLAB\R2013b\runtime\win64;C:\Program Files\MATLAB\R2013b\bin;C:\Program Files\Java\jre7\bin;C:\Program Files\SlikSvn\bin;C:\Program Files (x86)\Skype\Phone\
USERNAME=DELL
OS=Windows_NT
PROCESSOR_IDENTIFIER=Intel64 Family 6 Model 60 Stepping 3, GenuineIntel



---------------  S Y S T E M  ---------------

OS: Windows 7 , 64 bit Build 7601 Service Pack 1

CPU:total 4 (2 cores per cpu, 2 threads per core) family 6 model 60 stepping 3, cmov, cx8, fxsr, mmx, sse, sse2, sse3, ssse3, sse4.1, sse4.2, popcnt, avx, avx2, ht, tsc, tscinvbit

Memory: 4k page, physical 16680224k(9580740k free), swap 33358588k(24373852k free)

vm_info: Java HotSpot(TM) 64-Bit Server VM (23.6-b04) for windows-amd64 JRE (1.7.0_11-b21), built on Jan 12 2013 02:38:42 by "java_re" with unknown MS VC++:1600

time: Wed Jul 06 08:37:21 2016
elapsed time: 60112 seconds

